-------------------------------------------------------------------------------
Test set: tn.esprit.spring.EntrepriseTest
-------------------------------------------------------------------------------
Tests run: 6, Failures: 1, Errors: 0, Skipped: 0, Time elapsed: 9.772 s <<< FAILURE! - in tn.esprit.spring.EntrepriseTest
getAllDepartementsNamesByEntreprise(tn.esprit.spring.EntrepriseTest)  Time elapsed: 0.011 s  <<< FAILURE!
java.lang.AssertionError: Values should be different. Actual: 0
	at tn.esprit.spring.EntrepriseTest.getAllDepartementsNamesByEntreprise(EntrepriseTest.java:44)

